Release 14.5 - xst P.58f (nt)
Copyright (c) 1995-2012 Xilinx, Inc.  All rights reserved.
--> Parameter TMPDIR set to xst/projnav.tmp


Total REAL time to Xst completion: 0.00 secs
Total CPU time to Xst completion: 0.10 secs
 
--> Parameter xsthdpdir set to xst


Total REAL time to Xst completion: 0.00 secs
Total CPU time to Xst completion: 0.11 secs
 
--> Reading design: x7seg.prj

TABLE OF CONTENTS
  1) Synthesis Options Summary
  2) HDL Parsing
  3) HDL Elaboration
  4) HDL Synthesis
       4.1) HDL Synthesis Report
  5) Advanced HDL Synthesis
       5.1) Advanced HDL Synthesis Report
  6) Low Level Synthesis
  7) Partition Report
  8) Design Summary
       8.1) Primitive and Black Box Usage
       8.2) Device utilization summary
       8.3) Partition Resource Summary
       8.4) Timing Report
            8.4.1) Clock Information
            8.4.2) Asynchronous Control Signals Information
            8.4.3) Timing Summary
            8.4.4) Timing Details
            8.4.5) Cross Clock Domains Report


=========================================================================
*                      Synthesis Options Summary                        *
=========================================================================
---- Source Parameters
Input File Name                    : "x7seg.prj"
Ignore Synthesis Constraint File   : NO

---- Target Parameters
Output File Name                   : "x7seg"
Output Format                      : NGC
Target Device                      : xc6slx9-2-tqg144

---- Source Options
Top Module Name                    : x7seg
Automatic FSM Extraction           : YES
FSM Encoding Algorithm             : Auto
Safe Implementation                : No
FSM Style                          : LUT
RAM Extraction                     : Yes
RAM Style                          : Auto
ROM Extraction                     : Yes
Shift Register Extraction          : YES
ROM Style                          : Auto
Resource Sharing                   : YES
Asynchronous To Synchronous        : NO
Shift Register Minimum Size        : 2
Use DSP Block                      : Auto
Automatic Register Balancing       : No

---- Target Options
LUT Combining                      : Auto
Reduce Control Sets                : Auto
Add IO Buffers                     : YES
Global Maximum Fanout              : 100000
Add Generic Clock Buffer(BUFG)     : 16
Register Duplication               : YES
Optimize Instantiated Primitives   : NO
Use Clock Enable                   : Auto
Use Synchronous Set                : Auto
Use Synchronous Reset              : Auto
Pack IO Registers into IOBs        : Auto
Equivalent register Removal        : YES

---- General Options
Optimization Goal                  : Speed
Optimization Effort                : 1
Power Reduction                    : NO
Keep Hierarchy                     : No
Netlist Hierarchy                  : As_Optimized
RTL Output                         : Yes
Global Optimization                : AllClockNets
Read Cores                         : YES
Write Timing Constraints           : NO
Cross Clock Analysis               : NO
Hierarchy Separator                : /
Bus Delimiter                      : <>
Case Specifier                     : Maintain
Slice Utilization Ratio            : 100
BRAM Utilization Ratio             : 100
DSP48 Utilization Ratio            : 100
Auto BRAM Packing                  : NO
Slice Utilization Ratio Delta      : 5

=========================================================================


=========================================================================
*                          HDL Parsing                                  *
=========================================================================
Parsing VHDL file "D:\nVHDL\SAP1-7sa\x7seg.vhd" into library work
Parsing entity <x7seg>.
Parsing architecture <Behavioral> of entity <x7seg>.

=========================================================================
*                            HDL Elaboration                            *
=========================================================================

Elaborating entity <x7seg> (architecture <Behavioral>) from library <work>.

=========================================================================
*                           HDL Synthesis                               *
=========================================================================

Synthesizing Unit <x7seg>.
    Related source file is "D:\nVHDL\SAP1-7sa\x7seg.vhd".
    Found 19-bit register for signal <clkdiv>.
    Found 19-bit adder for signal <clkdiv[18]_GND_5_o_add_4_OUT> created at line 68.
    Found 16x7-bit Read Only RAM for signal <a_to_g>
    Found 1-bit 8-to-1 multiplexer for signal <digit<3>> created at line 43.
    Found 1-bit 8-to-1 multiplexer for signal <digit<2>> created at line 43.
    Found 1-bit 8-to-1 multiplexer for signal <digit<1>> created at line 43.
    Found 1-bit 8-to-1 multiplexer for signal <digit<0>> created at line 43.
    Summary:
	inferred   1 RAM(s).
	inferred   1 Adder/Subtractor(s).
	inferred  19 D-type flip-flop(s).
	inferred   4 Multiplexer(s).
Unit <x7seg> synthesized.

=========================================================================
HDL Synthesis Report

Macro Statistics
# RAMs                                                 : 1
 16x7-bit single-port Read Only RAM                    : 1
# Adders/Subtractors                                   : 1
 19-bit adder                                          : 1
# Registers                                            : 1
 19-bit register                                       : 1
# Multiplexers                                         : 4
 1-bit 8-to-1 multiplexer                              : 4

=========================================================================

=========================================================================
*                       Advanced HDL Synthesis                          *
=========================================================================


Synthesizing (advanced) Unit <x7seg>.
The following registers are absorbed into counter <clkdiv>: 1 register on signal <clkdiv>.
INFO:Xst:3218 - HDL ADVISOR - The RAM <Mram_a_to_g> will be implemented on LUTs either because you have described an asynchronous read or because of currently unsupported block RAM features. If you have described an asynchronous read, making it synchronous would allow you to take advantage of available block RAM resources, for optimized device usage and improved timings. Please refer to your documentation for coding guidelines.
    -----------------------------------------------------------------------
    | ram_type           | Distributed                         |          |
    -----------------------------------------------------------------------
    | Port A                                                              |
    |     aspect ratio   | 16-word x 7-bit                     |          |
    |     weA            | connected to signal <GND>           | high     |
    |     addrA          | connected to signal <digit>         |          |
    |     diA            | connected to signal <GND>           |          |
    |     doA            | connected to signal <a_to_g>        |          |
    -----------------------------------------------------------------------
Unit <x7seg> synthesized (advanced).

=========================================================================
Advanced HDL Synthesis Report

Macro Statistics
# RAMs                                                 : 1
 16x7-bit single-port distributed Read Only RAM        : 1
# Counters                                             : 1
 19-bit up counter                                     : 1
# Multiplexers                                         : 4
 1-bit 8-to-1 multiplexer                              : 4

=========================================================================

=========================================================================
*                         Low Level Synthesis                           *
=========================================================================

Optimizing unit <x7seg> ...

Mapping all equations...
Building and optimizing final netlist ...
Found area constraint ratio of 100 (+ 5) on block x7seg, actual ratio is 0.

Final Macro Processing ...

=========================================================================
Final Register Report

Macro Statistics
# Registers                                            : 19
 Flip-Flops                                            : 19

=========================================================================

=========================================================================
*                           Partition Report                            *
=========================================================================

Partition Implementation Status
-------------------------------

  No Partitions were found in this design.

-------------------------------

=========================================================================
*                            Design Summary                             *
=========================================================================

Top Level Output File Name         : x7seg.ngc

Primitive and Black Box Usage:
------------------------------
# BELS                             : 78
#      GND                         : 1
#      INV                         : 2
#      LUT1                        : 18
#      LUT4                        : 7
#      LUT6                        : 8
#      MUXCY                       : 18
#      MUXF7                       : 4
#      VCC                         : 1
#      XORCY                       : 19
# FlipFlops/Latches                : 19
#      FDC                         : 19
# Clock Buffers                    : 1
#      BUFGP                       : 1
# IO Buffers                       : 44
#      IBUF                        : 33
#      OBUF                        : 11

Device utilization summary:
---------------------------

Selected Device : 6slx9tqg144-2 


Slice Logic Utilization: 
 Number of Slice Registers:              19  out of  11440     0%  
 Number of Slice LUTs:                   35  out of   5720     0%  
    Number used as Logic:                35  out of   5720     0%  

Slice Logic Distribution: 
 Number of LUT Flip Flop pairs used:     35
   Number with an unused Flip Flop:      16  out of     35    45%  
   Number with an unused LUT:             0  out of     35     0%  
   Number of fully used LUT-FF pairs:    19  out of     35    54%  
   Number of unique control sets:         1

IO Utilization: 
 Number of IOs:                          45
 Number of bonded IOBs:                  45  out of    102    44%  

Specific Feature Utilization:
 Number of BUFG/BUFGCTRL/BUFHCEs:         1  out of     16     6%  

---------------------------
Partition Resource Summary:
---------------------------

  No Partitions were found in this design.

---------------------------


=========================================================================
Timing Report

NOTE: THESE TIMING NUMBERS ARE ONLY A SYNTHESIS ESTIMATE.
      FOR ACCURATE TIMING INFORMATION PLEASE REFER TO THE TRACE REPORT
      GENERATED AFTER PLACE-and-ROUTE.

Clock Information:
------------------
-----------------------------------+------------------------+-------+
Clock Signal                       | Clock buffer(FF name)  | Load  |
-----------------------------------+------------------------+-------+
clk                                | BUFGP                  | 19    |
-----------------------------------+------------------------+-------+

Asynchronous Control Signals Information:
----------------------------------------
No asynchronous control signals found in this design

Timing Summary:
---------------
Speed Grade: -2

   Minimum period: 2.351ns (Maximum Frequency: 425.306MHz)
   Minimum input arrival time before clock: 3.983ns
   Maximum output required time after clock: 7.450ns
   Maximum combinational path delay: 7.748ns

Timing Details:
---------------
All values displayed in nanoseconds (ns)

=========================================================================
Timing constraint: Default period analysis for Clock 'clk'
  Clock period: 2.351ns (frequency: 425.306MHz)
  Total number of paths / destination ports: 190 / 19
-------------------------------------------------------------------------
Delay:               2.351ns (Levels of Logic = 20)
  Source:            clkdiv_0 (FF)
  Destination:       clkdiv_18 (FF)
  Source Clock:      clk rising
  Destination Clock: clk rising

  Data Path: clkdiv_0 to clkdiv_18
                                Gate     Net
    Cell:in->out      fanout   Delay   Delay  Logical Name (Net Name)
    ----------------------------------------  ------------
     FDC:C->Q              1   0.525   0.681  clkdiv_0 (clkdiv_0)
     INV:I->O              1   0.255   0.000  Mcount_clkdiv_lut<0>_INV_0 (Mcount_clkdiv_lut<0>)
     MUXCY:S->O            1   0.215   0.000  Mcount_clkdiv_cy<0> (Mcount_clkdiv_cy<0>)
     MUXCY:CI->O           1   0.023   0.000  Mcount_clkdiv_cy<1> (Mcount_clkdiv_cy<1>)
     MUXCY:CI->O           1   0.023   0.000  Mcount_clkdiv_cy<2> (Mcount_clkdiv_cy<2>)
     MUXCY:CI->O           1   0.023   0.000  Mcount_clkdiv_cy<3> (Mcount_clkdiv_cy<3>)
     MUXCY:CI->O           1   0.023   0.000  Mcount_clkdiv_cy<4> (Mcount_clkdiv_cy<4>)
     MUXCY:CI->O           1   0.023   0.000  Mcount_clkdiv_cy<5> (Mcount_clkdiv_cy<5>)
     MUXCY:CI->O           1   0.023   0.000  Mcount_clkdiv_cy<6> (Mcount_clkdiv_cy<6>)
     MUXCY:CI->O           1   0.023   0.000  Mcount_clkdiv_cy<7> (Mcount_clkdiv_cy<7>)
     MUXCY:CI->O           1   0.023   0.000  Mcount_clkdiv_cy<8> (Mcount_clkdiv_cy<8>)
     MUXCY:CI->O           1   0.023   0.000  Mcount_clkdiv_cy<9> (Mcount_clkdiv_cy<9>)
     MUXCY:CI->O           1   0.023   0.000  Mcount_clkdiv_cy<10> (Mcount_clkdiv_cy<10>)
     MUXCY:CI->O           1   0.023   0.000  Mcount_clkdiv_cy<11> (Mcount_clkdiv_cy<11>)
     MUXCY:CI->O           1   0.023   0.000  Mcount_clkdiv_cy<12> (Mcount_clkdiv_cy<12>)
     MUXCY:CI->O           1   0.023   0.000  Mcount_clkdiv_cy<13> (Mcount_clkdiv_cy<13>)
     MUXCY:CI->O           1   0.023   0.000  Mcount_clkdiv_cy<14> (Mcount_clkdiv_cy<14>)
     MUXCY:CI->O           1   0.023   0.000  Mcount_clkdiv_cy<15> (Mcount_clkdiv_cy<15>)
     MUXCY:CI->O           1   0.023   0.000  Mcount_clkdiv_cy<16> (Mcount_clkdiv_cy<16>)
     MUXCY:CI->O           0   0.023   0.000  Mcount_clkdiv_cy<17> (Mcount_clkdiv_cy<17>)
     XORCY:CI->O           1   0.206   0.000  Mcount_clkdiv_xor<18> (Result<18>)
     FDC:D                     0.074          clkdiv_18
    ----------------------------------------
    Total                      2.351ns (1.670ns logic, 0.681ns route)
                                       (71.0% logic, 29.0% route)

=========================================================================
Timing constraint: Default OFFSET IN BEFORE for Clock 'clk'
  Total number of paths / destination ports: 19 / 19
-------------------------------------------------------------------------
Offset:              3.983ns (Levels of Logic = 2)
  Source:            clr (PAD)
  Destination:       clkdiv_0 (FF)
  Destination Clock: clk rising

  Data Path: clr to clkdiv_0
                                Gate     Net
    Cell:in->out      fanout   Delay   Delay  Logical Name (Net Name)
    ----------------------------------------  ------------
     IBUF:I->O             1   1.328   0.681  clr_IBUF (clr_IBUF)
     INV:I->O             19   0.255   1.260  clr_inv1_INV_0 (clr_inv)
     FDC:CLR                   0.459          clkdiv_0
    ----------------------------------------
    Total                      3.983ns (2.042ns logic, 1.941ns route)
                                       (51.3% logic, 48.7% route)

=========================================================================
Timing constraint: Default OFFSET OUT AFTER for Clock 'clk'
  Total number of paths / destination ports: 143 / 10
-------------------------------------------------------------------------
Offset:              7.450ns (Levels of Logic = 4)
  Source:            clkdiv_17 (FF)
  Destination:       a_to_g<6> (PAD)
  Source Clock:      clk rising

  Data Path: clkdiv_17 to a_to_g<6>
                                Gate     Net
    Cell:in->out      fanout   Delay   Delay  Logical Name (Net Name)
    ----------------------------------------  ------------
     FDC:C->Q             10   0.525   1.463  clkdiv_17 (clkdiv_17)
     LUT6:I0->O            1   0.254   0.000  Mmux_digit<1>_3 (Mmux_digit<1>_3)
     MUXF7:I1->O           7   0.175   1.186  Mmux_digit<1>_2_f7 (digit<1>)
     LUT4:I0->O            1   0.254   0.681  Mram_a_to_g51 (a_to_g_5_OBUF)
     OBUF:I->O                 2.912          a_to_g_5_OBUF (a_to_g<5>)
    ----------------------------------------
    Total                      7.450ns (4.120ns logic, 3.330ns route)
                                       (55.3% logic, 44.7% route)

=========================================================================
Timing constraint: Default path analysis
  Total number of paths / destination ports: 224 / 7
-------------------------------------------------------------------------
Delay:               7.748ns (Levels of Logic = 5)
  Source:            x<25> (PAD)
  Destination:       a_to_g<6> (PAD)

  Data Path: x<25> to a_to_g<6>
                                Gate     Net
    Cell:in->out      fanout   Delay   Delay  Logical Name (Net Name)
    ----------------------------------------  ------------
     IBUF:I->O             1   1.328   0.958  x_25_IBUF (x_25_IBUF)
     LUT6:I2->O            1   0.254   0.000  Mmux_digit<1>_3 (Mmux_digit<1>_3)
     MUXF7:I1->O           7   0.175   1.186  Mmux_digit<1>_2_f7 (digit<1>)
     LUT4:I0->O            1   0.254   0.681  Mram_a_to_g51 (a_to_g_5_OBUF)
     OBUF:I->O                 2.912          a_to_g_5_OBUF (a_to_g<5>)
    ----------------------------------------
    Total                      7.748ns (4.923ns logic, 2.825ns route)
                                       (63.5% logic, 36.5% route)

=========================================================================

Cross Clock Domains Report:
--------------------------

Clock to Setup on destination clock clk
---------------+---------+---------+---------+---------+
               | Src:Rise| Src:Fall| Src:Rise| Src:Fall|
Source Clock   |Dest:Rise|Dest:Rise|Dest:Fall|Dest:Fall|
---------------+---------+---------+---------+---------+
clk            |    2.351|         |         |         |
---------------+---------+---------+---------+---------+

=========================================================================


Total REAL time to Xst completion: 4.00 secs
Total CPU time to Xst completion: 4.46 secs
 
--> 

Total memory usage is 196396 kilobytes

Number of errors   :    0 (   0 filtered)
Number of warnings :    0 (   0 filtered)
Number of infos    :    1 (   0 filtered)

